
> url_app@0.1.0 start /git/rolex/URL_app/url_app
> react-scripts start

[34mℹ[39m [90m｢wds｣[39m: Project is running at http://192.168.0.3/
[34mℹ[39m [90m｢wds｣[39m: webpack output is served from 
[34mℹ[39m [90m｢wds｣[39m: Content not from webpack is served from /git/rolex/URL_app/url_app/public
[34mℹ[39m [90m｢wds｣[39m: 404s will fallback to /
Starting the development server...

HTTP 75240: SERVER new http connection
HTTP 75240: SERVER new http connection
HTTP 75240: SERVER socketOnParserExecute 729
Compiled with warnings.

src/URL.js
  Line 2:7:  'dns' is assigned a value but never used  no-unused-vars

Search for the keywords to learn more about each warning.
To ignore, add // eslint-disable-next-line to the line before.

HTTP 75240: outgoing message end.
HTTP 75240: server socket close
HTTP 75240: SERVER new http connection
HTTP 75240: SERVER socketOnParserExecute 720
HTTP 75240: write ret = true
HTTP 75240: write ret = true
HTTP 75240: outgoing message end.
HTTP 75240: resetHeadersTimeoutOnReqEnd
HTTP 75240: SERVER socketOnParserExecute 594
HTTP 75240: write ret = true
HTTP 75240: write ret = true
HTTP 75240: outgoing message end.
HTTP 75240: resetHeadersTimeoutOnReqEnd
HTTP 75240: SERVER socketOnParserExecute 606
HTTP 75240: SERVER new http connection
HTTP 75240: SERVER socketOnParserExecute 598
HTTP 75240: write ret = false
HTTP 75240: write ret = true
HTTP 75240: write ret = true
HTTP 75240: outgoing message end.
HTTP 75240: resetHeadersTimeoutOnReqEnd
HTTP 75240: write ret = false
HTTP 75240: write ret = false
HTTP 75240: write ret = false
HTTP 75240: write ret = false
HTTP 75240: write ret = false
HTTP 75240: SERVER socketOnParserExecute 452
HTTP 75240: write ret = false
HTTP 75240: write ret = true
HTTP 75240: write ret = true
HTTP 75240: outgoing message end.
HTTP 75240: resetHeadersTimeoutOnReqEnd
HTTP 75240: write ret = false
HTTP 75240: write ret = false
HTTP 75240: write ret = false
HTTP 75240: write ret = false
HTTP 75240: write ret = false
HTTP 75240: write ret = false
HTTP 75240: write ret = false
HTTP 75240: write ret = false
HTTP 75240: write ret = false
HTTP 75240: write ret = false
HTTP 75240: write ret = false
HTTP 75240: write ret = false
HTTP 75240: write ret = false
HTTP 75240: write ret = false
HTTP 75240: write ret = false
HTTP 75240: write ret = false
HTTP 75240: write ret = false
HTTP 75240: write ret = false
HTTP 75240: write ret = false
HTTP 75240: write ret = true
HTTP 75240: write ret = true
HTTP 75240: write ret = true
HTTP 75240: outgoing message end.
HTTP 75240: resetHeadersTimeoutOnReqEnd
HTTP 75240: SERVER socketOnParserExecute 464
HTTP 75240: SERVER socketOnParserExecute 456
HTTP 75240: write ret = true
HTTP 75240: write ret = true
HTTP 75240: outgoing message end.
HTTP 75240: resetHeadersTimeoutOnReqEnd
HTTP 75240: write ret = false
HTTP 75240: SERVER new http connection
HTTP 75240: SERVER socketOnParserExecute 553
HTTP 75240: SERVER upgrade or connect GET
HTTP 75240: SERVER have listener for upgrade
HTTP 75240: write ret = false
HTTP 75240: write ret = false
HTTP 75240: write ret = false
HTTP 75240: write ret = false
HTTP 75240: write ret = false
HTTP 75240: write ret = false
HTTP 75240: write ret = false
HTTP 75240: write ret = false
HTTP 75240: write ret = false
HTTP 75240: write ret = false
HTTP 75240: write ret = false
HTTP 75240: write ret = false
HTTP 75240: write ret = false
HTTP 75240: write ret = false
HTTP 75240: write ret = false
HTTP 75240: write ret = false
HTTP 75240: write ret = false
HTTP 75240: write ret = false
HTTP 75240: SERVER new http connection
HTTP 75240: SERVER socketOnParserExecute 587
HTTP 75240: write ret = false
HTTP 75240: write ret = true
HTTP 75240: outgoing message end.
HTTP 75240: resetHeadersTimeoutOnReqEnd
HTTP 75240: write ret = false
HTTP 75240: SERVER socketOnParserExecute 646
HTTP 75240: write ret = true
HTTP 75240: write ret = true
HTTP 75240: outgoing message end.
HTTP 75240: resetHeadersTimeoutOnReqEnd
HTTP 75240: write ret = false
HTTP 75240: write ret = false
HTTP 75240: write ret = false
HTTP 75240: SERVER socketOnParserExecute 646
HTTP 75240: write ret = true
HTTP 75240: outgoing message end.
HTTP 75240: resetHeadersTimeoutOnReqEnd
HTTP 75240: write ret = false
HTTP 75240: write ret = false
HTTP 75240: write ret = true
HTTP 75240: write ret = true
HTTP 75240: write ret = true
HTTP 75240: outgoing message end.
HTTP 75240: resetHeadersTimeoutOnReqEnd
HTTP 75240: server socket close
